<?xml version="1.0" encoding="UTF-8"?>
<testng-results ignored="0" total="1" passed="1" failed="0" skipped="0">
  <reporter-output>
  </reporter-output>
  <suite started-at="2022-06-21T18:25:13 SAST" name="Default suite" finished-at="2022-06-21T18:25:28 SAST" duration-ms="14754">
    <groups>
    </groups>
    <test started-at="2022-06-21T18:25:13 SAST" name="Default test" finished-at="2022-06-21T18:25:28 SAST" duration-ms="14754">
      <class name="AppiumTests.LongPressGestures">
        <test-method signature="LongClickOnMenu()[pri:0, instance:AppiumTests.LongPressGestures@49e53c76]" started-at="2022-06-21T18:25:13 SAST" name="LongClickOnMenu" finished-at="2022-06-21T18:25:28 SAST" duration-ms="14731" status="PASS">
          <reporter-output>
          </reporter-output>
        </test-method> <!-- LongClickOnMenu -->
      </class> <!-- AppiumTests.LongPressGestures -->
    </test> <!-- Default test -->
  </suite> <!-- Default suite -->
</testng-results>
