<?xml version="1.0" encoding="UTF-8"?>
<testng-results ignored="1" total="2" passed="1" failed="0" skipped="0">
  <reporter-output>
  </reporter-output>
  <suite started-at="2022-04-07T18:20:00 SAST" name="Default suite" finished-at="2022-04-07T18:20:03 SAST" duration-ms="3770">
    <groups>
    </groups>
    <test started-at="2022-04-07T18:20:00 SAST" name="Default test" finished-at="2022-04-07T18:20:03 SAST" duration-ms="3770">
      <class name="takeAlotTests.TestsTakeAlot">
        <test-method signature="GIVEN_shopperIsOnLandingPage_WHEN_shopperEntersDKNUasSearchString_AND_shopperClicksTheSearchButton_THEN_DKNYBeDelicious()[pri:0, instance:takeAlotTests.TestsTakeAlot@23d1e5d0]" started-at="2022-04-07T18:20:00 SAST" name="GIVEN_shopperIsOnLandingPage_WHEN_shopperEntersDKNUasSearchString_AND_shopperClicksTheSearchButton_THEN_DKNYBeDelicious" finished-at="2022-04-07T18:20:03 SAST" duration-ms="3746" status="PASS">
          <reporter-output>
          </reporter-output>
        </test-method> <!-- GIVEN_shopperIsOnLandingPage_WHEN_shopperEntersDKNUasSearchString_AND_shopperClicksTheSearchButton_THEN_DKNYBeDelicious -->
      </class> <!-- takeAlotTests.TestsTakeAlot -->
    </test> <!-- Default test -->
  </suite> <!-- Default suite -->
</testng-results>
