<?xml version="1.0" encoding="UTF-8"?>
<!-- Generated by org.testng.reporters.JUnitXMLReporter -->
<testsuite ignored="1" hostname="MAN0CX12B53041D" failures="0" tests="2" name="Default test" time="0.545" errors="0" timestamp="2022-05-12T16:04:26 SAST">
  <testcase classname="takeAlotTests.ReadFromExcelPLay" name="BrandQuantityString" time="0.005"/>
  <testcase classname="takeAlotTests.ReadFromExcelPLay" name="BrandQuantityString" time="0.001"/>
  <testcase classname="takeAlotTests.ReadFromExcelPLay" name="BrandAndQuantityString" time="0.0">
    <ignored/>
  </testcase> <!-- BrandAndQuantityString -->
</testsuite> <!-- Default test -->
